[debug] [2019-08-20T14:38:11.150Z] ----------------------------------------------------------------------
[debug] [2019-08-20T14:38:11.151Z] Command:       /usr/local/bin/node /usr/local/bin/firebase serve
[debug] [2019-08-20T14:38:11.151Z] CLI Version:   7.2.4
[debug] [2019-08-20T14:38:11.151Z] Platform:      darwin
[debug] [2019-08-20T14:38:11.151Z] Node Version:  v10.15.3
[debug] [2019-08-20T14:38:11.152Z] Time:          Tue Aug 20 2019 23:38:11 GMT+0900 (GMT+09:00)
[debug] [2019-08-20T14:38:11.152Z] ----------------------------------------------------------------------
[debug] 
[debug] [2019-08-20T14:38:11.157Z] > command requires scopes: ["email","openid","https://www.googleapis.com/auth/cloudplatformprojects.readonly","https://www.googleapis.com/auth/firebase","https://www.googleapis.com/auth/cloud-platform"]
[debug] [2019-08-20T14:38:11.158Z] > authorizing via signed-in user
[debug] [2019-08-20T14:38:11.158Z] [iam] checking project trevi-5f3a9 for permissions ["firebase.projects.get"]
[debug] [2019-08-20T14:38:11.159Z] >>> HTTP REQUEST POST https://cloudresourcemanager.googleapis.com/v1/projects/trevi-5f3a9:testIamPermissions  

[debug] [2019-08-20T14:38:14.174Z] <<< HTTP RESPONSE 200
[debug] [2019-08-20T14:38:14.176Z] >>> HTTP REQUEST GET https://firebase.googleapis.com/v1beta1/projects/trevi-5f3a9  
 
[debug] [2019-08-20T14:38:14.989Z] <<< HTTP RESPONSE 200
[info] 
[info] === Serving from '/Volumes/D/g01.github/trevi'...
[info] 
[debug] [2019-08-20T14:38:14.993Z] >>> HTTP REQUEST GET https://firebase.googleapis.com/v1beta1/projects/trevi-5f3a9/webApps/-/config  
 
[debug] [2019-08-20T14:38:15.807Z] <<< HTTP RESPONSE 200
[info] i  hosting: Serving hosting files from: dist
[info] ✔  hosting: Local server: http://localhost:5000
